<?xml version="1.0" encoding="UTF-8"?>
<testsuite xmlns:xsi="http://www.w3.org/2001/XMLSchema-instance" xsi:noNamespaceSchemaLocation="https://maven.apache.org/surefire/maven-surefire-plugin/xsd/surefire-test-report-3.0.xsd" version="3.0" name="TestSuite" time="85.746" tests="9" errors="0" skipped="0" failures="0">
  <properties>
[...]
</properties>
  <testcase name="runScenario[&quot;Login with valid credentials&quot;, &quot;Optional[User Login]&quot;](1)" classname="runner.runnerTest" time="16.397">
    <system-out><![CDATA[
Scenario: Login with valid credentials                   &amp#27;[90m# src/test/resources/features/login.feature:8&amp#27;[0m
  &amp#27;[32mWhen &amp#27;[0m&amp#27;[32mUser clicks on My Account dropdown&amp#27;[0m                &amp#27;[90m# stepdefinitions.loginsteps.User_clicks_on_My_Account_dropdown()&amp#27;[0m
  &amp#27;[32mThen &amp#27;[0m&amp#27;[32mUser clicks on Login link&amp#27;[0m                         &amp#27;[90m# stepdefinitions.loginsteps.User_clicks_on_Login_link()&amp#27;[0m
  &amp#27;[32mWhen &amp#27;[0m&amp#27;[32mUser enters valid email address &amp#27;[0m&amp#27;[32m&amp#27;[1m"Divya@txcct.com"&amp#27;[0m &amp#27;[90m# stepdefinitions.loginsteps.User_enters_valid_email_address(java.lang.String)&amp#27;[0m
  &amp#27;[32mAnd &amp#27;[0m&amp#27;[32mUser enters valid password &amp#27;[0m&amp#27;[32m&amp#27;[1m"1234"&amp#27;[0m                  &amp#27;[90m# stepdefinitions.loginsteps.User_enters_valid_password(java.lang.String)&amp#27;[0m
  &amp#27;[32mAnd &amp#27;[0m&amp#27;[32mUser clicks on Login button&amp#27;[0m                        &amp#27;[90m# stepdefinitions.loginsteps.User_clicks_on_Login_button()&amp#27;[0m
  &amp#27;[32mThen &amp#27;[0m&amp#27;[32mUser should Login successfully&amp#27;[0m                    &amp#27;[90m# stepdefinitions.loginsteps.User_should_Login_successfully()&amp#27;[0m
]]></system-out>
    <system-err><![CDATA[SLF4J: Failed to load class "org.slf4j.impl.StaticLoggerBinder".
SLF4J: Defaulting to no-operation (NOP) logger implementation
SLF4J: See http://www.slf4j.org/codes.html#StaticLoggerBinder for further details.
Apr 18, 2024 1:56:12 PM org.openqa.selenium.devtools.CdpVersionFinder findNearestMatch
WARNING: Unable to find an exact match for CDP version 123, returning the closest version; found: 122; Please update to a Selenium version that supports CDP version 123
]]></system-err>
  </testcase>
  <testcase name="runScenario[&quot;Login with invalid credentials&quot;, &quot;Optional[User Login]&quot;](2)" classname="runner.runnerTest" time="8.066">
    <system-out><![CDATA[
Scenario Outline: Login with invalid credentials &amp#27;[90m# src/test/resources/features/login.feature:22&amp#27;[0m
  &amp#27;[32mWhen &amp#27;[0m&amp#27;[32mUser clicks on My Account dropdown&amp#27;[0m        &amp#27;[90m# stepdefinitions.loginsteps.User_clicks_on_My_Account_dropdown()&amp#27;[0m
  &amp#27;[32mThen &amp#27;[0m&amp#27;[32mUser clicks on Login link&amp#27;[0m                 &amp#27;[90m# stepdefinitions.loginsteps.User_clicks_on_Login_link()&amp#27;[0m
  &amp#27;[32mWhen &amp#27;[0m&amp#27;[32mUser enters email address &amp#27;[0m&amp#27;[32m&amp#27;[1mdivya@txcct.com&amp#27;[0m &amp#27;[90m# stepdefinitions.loginsteps.User_enters_email_address(java.lang.String)&amp#27;[0m
  &amp#27;[32mAnd &amp#27;[0m&amp#27;[32mUser enters password &amp#27;[0m&amp#27;[32m&amp#27;[1m123ad&amp#27;[0m                 &amp#27;[90m# stepdefinitions.loginsteps.User_enters_password(java.lang.String)&amp#27;[0m
  &amp#27;[32mAnd &amp#27;[0m&amp#27;[32mUser clicks on Login button&amp#27;[0m                &amp#27;[90m# stepdefinitions.loginsteps.User_clicks_on_Login_button()&amp#27;[0m
  &amp#27;[32mThen &amp#27;[0m&amp#27;[32mUser should not login successfully&amp#27;[0m        &amp#27;[90m# stepdefinitions.loginsteps.User_should_not_login_successfully()&amp#27;[0m
]]></system-out>
    <system-err><![CDATA[Apr 18, 2024 1:56:23 PM org.openqa.selenium.devtools.CdpVersionFinder findNearestMatch
WARNING: Unable to find an exact match for CDP version 123, returning the closest version; found: 122; Please update to a Selenium version that supports CDP version 123
]]></system-err>
  </testcase>
  <testcase name="runScenario[&quot;Login with invalid credentials&quot;, &quot;Optional[User Login]&quot;](3)" classname="runner.runnerTest" time="7.088">
    <system-out><![CDATA[
Scenario Outline: Login with invalid credentials &amp#27;[90m# src/test/resources/features/login.feature:23&amp#27;[0m
  &amp#27;[32mWhen &amp#27;[0m&amp#27;[32mUser clicks on My Account dropdown&amp#27;[0m        &amp#27;[90m# stepdefinitions.loginsteps.User_clicks_on_My_Account_dropdown()&amp#27;[0m
  &amp#27;[32mThen &amp#27;[0m&amp#27;[32mUser clicks on Login link&amp#27;[0m                 &amp#27;[90m# stepdefinitions.loginsteps.User_clicks_on_Login_link()&amp#27;[0m
  &amp#27;[32mWhen &amp#27;[0m&amp#27;[32mUser enters email address &amp#27;[0m&amp#27;[32m&amp#27;[1mravi@txcct.com&amp#27;[0m  &amp#27;[90m# stepdefinitions.loginsteps.User_enters_email_address(java.lang.String)&amp#27;[0m
  &amp#27;[32mAnd &amp#27;[0m&amp#27;[32mUser enters password &amp#27;[0m&amp#27;[32m&amp#27;[1m1234&amp#27;[0m                  &amp#27;[90m# stepdefinitions.loginsteps.User_enters_password(java.lang.String)&amp#27;[0m
  &amp#27;[32mAnd &amp#27;[0m&amp#27;[32mUser clicks on Login button&amp#27;[0m                &amp#27;[90m# stepdefinitions.loginsteps.User_clicks_on_Login_button()&amp#27;[0m
  &amp#27;[32mThen &amp#27;[0m&amp#27;[32mUser should not login successfully&amp#27;[0m        &amp#27;[90m# stepdefinitions.loginsteps.User_should_not_login_successfully()&amp#27;[0m
]]></system-out>
    <system-err><![CDATA[Apr 18, 2024 1:56:31 PM org.openqa.selenium.devtools.CdpVersionFinder findNearestMatch
WARNING: Unable to find an exact match for CDP version 123, returning the closest version; found: 122; Please update to a Selenium version that supports CDP version 123
]]></system-err>
  </testcase>
  <testcase name="runScenario[&quot;Login with invalid credentials&quot;, &quot;Optional[User Login]&quot;](4)" classname="runner.runnerTest" time="6.727">
    <system-out><![CDATA[
Scenario Outline: Login with invalid credentials &amp#27;[90m# src/test/resources/features/login.feature:24&amp#27;[0m
  &amp#27;[32mWhen &amp#27;[0m&amp#27;[32mUser clicks on My Account dropdown&amp#27;[0m        &amp#27;[90m# stepdefinitions.loginsteps.User_clicks_on_My_Account_dropdown()&amp#27;[0m
  &amp#27;[32mThen &amp#27;[0m&amp#27;[32mUser clicks on Login link&amp#27;[0m                 &amp#27;[90m# stepdefinitions.loginsteps.User_clicks_on_Login_link()&amp#27;[0m
  &amp#27;[32mWhen &amp#27;[0m&amp#27;[32mUser enters email address &amp#27;[0m&amp#27;[32m&amp#27;[1mvalar@txcct.com&amp#27;[0m &amp#27;[90m# stepdefinitions.loginsteps.User_enters_email_address(java.lang.String)&amp#27;[0m
  &amp#27;[32mAnd &amp#27;[0m&amp#27;[32mUser enters password &amp#27;[0m&amp#27;[32m&amp#27;[1m123ec&amp#27;[0m                 &amp#27;[90m# stepdefinitions.loginsteps.User_enters_password(java.lang.String)&amp#27;[0m
  &amp#27;[32mAnd &amp#27;[0m&amp#27;[32mUser clicks on Login button&amp#27;[0m                &amp#27;[90m# stepdefinitions.loginsteps.User_clicks_on_Login_button()&amp#27;[0m
  &amp#27;[32mThen &amp#27;[0m&amp#27;[32mUser should not login successfully&amp#27;[0m        &amp#27;[90m# stepdefinitions.loginsteps.User_should_not_login_successfully()&amp#27;[0m
]]></system-out>
    <system-err><![CDATA[Apr 18, 2024 1:56:37 PM org.openqa.selenium.devtools.CdpVersionFinder findNearestMatch
WARNING: Unable to find an exact match for CDP version 123, returning the closest version; found: 122; Please update to a Selenium version that supports CDP version 123
]]></system-err>
  </testcase>
  <testcase name="runScenario[&quot;Register with valid credentials&quot;, &quot;Optional[User Register]&quot;](5)" classname="runner.runnerTest" time="8.798">
    <system-out><![CDATA[
Scenario: Register with valid credentials        &amp#27;[90m# src/test/resources/features/register.feature:4&amp#27;[0m
  &amp#27;[32mWhen &amp#27;[0m&amp#27;[32mUser clicks on My Account dropdown menu&amp#27;[0m   &amp#27;[90m# stepdefinitions.registersteps.User_clicks_on_My_Account_dropdown_menu()&amp#27;[0m
  &amp#27;[32mThen &amp#27;[0m&amp#27;[32mUser clicks on Register link&amp#27;[0m              &amp#27;[90m# stepdefinitions.registersteps.User_clicks_on_Register_link()&amp#27;[0m
  &amp#27;[32mAnd &amp#27;[0m&amp#27;[32mUser enters First name as &amp#27;[0m&amp#27;[32m&amp#27;[1m"Rani"&amp#27;[0m           &amp#27;[90m# stepdefinitions.registersteps.User_enters_First_name_as(java.lang.String)&amp#27;[0m
  &amp#27;[32mAnd &amp#27;[0m&amp#27;[32mUser enters Last name as &amp#27;[0m&amp#27;[32m&amp#27;[1m"T"&amp#27;[0m               &amp#27;[90m# stepdefinitions.registersteps.User_enters_Last_name_as(java.lang.String)&amp#27;[0m
  &amp#27;[32mAnd &amp#27;[0m&amp#27;[32mUser enters valid email as&amp#27;[0m                 &amp#27;[90m# stepdefinitions.registersteps.User_enters_valid_email_as()&amp#27;[0m
  &amp#27;[32mAnd &amp#27;[0m&amp#27;[32mUser enters valid password as &amp#27;[0m&amp#27;[32m&amp#27;[1m"rsder@1234"&amp#27;[0m &amp#27;[90m# stepdefinitions.registersteps.User_enters_valid_password_as(java.lang.String)&amp#27;[0m
  &amp#27;[32mThen &amp#27;[0m&amp#27;[32mUser clicks on subscribe button&amp#27;[0m           &amp#27;[90m# stepdefinitions.registersteps.User_clicks_on_subscribe_button()&amp#27;[0m
  &amp#27;[32mThen &amp#27;[0m&amp#27;[32mUser clicks on privacy policy&amp#27;[0m             &amp#27;[90m# stepdefinitions.registersteps.User_clicks_on_privacy_policy()&amp#27;[0m
  &amp#27;[32mWhen &amp#27;[0m&amp#27;[32mUser on continue button&amp#27;[0m                   &amp#27;[90m# stepdefinitions.registersteps.User_on_continue_button()&amp#27;[0m
  &amp#27;[32mThen &amp#27;[0m&amp#27;[32mUser should successfully register&amp#27;[0m         &amp#27;[90m# stepdefinitions.registersteps.user_should_successfully_register()&amp#27;[0m
]]></system-out>
    <system-err><![CDATA[Apr 18, 2024 1:56:44 PM org.openqa.selenium.devtools.CdpVersionFinder findNearestMatch
WARNING: Unable to find an exact match for CDP version 123, returning the closest version; found: 122; Please update to a Selenium version that supports CDP version 123
]]></system-err>
  </testcase>
  <testcase name="runScenario[&quot;Search with valid product name&quot;, &quot;Optional[User Search]&quot;](6)" classname="runner.runnerTest" time="6.995">
    <system-out><![CDATA[
Scenario Outline: Search with valid product name               &amp#27;[90m# src/test/resources/features/search.feature:14&amp#27;[0m
  &amp#27;[32mWhen &amp#27;[0m&amp#27;[32mUser enters valid product name as &amp#27;[0m&amp#27;[32m&amp#27;[1miMac&amp#27;[0m                  &amp#27;[90m# stepdefinitions.searchsteps.User_enters_valid_product_name_as(java.lang.String)&amp#27;[0m
  &amp#27;[32mAnd &amp#27;[0m&amp#27;[32mUser clicks on search icon&amp#27;[0m                               &amp#27;[90m# stepdefinitions.searchsteps.User_clicks_on_search_icon()&amp#27;[0m
  &amp#27;[32mThen &amp#27;[0m&amp#27;[32mUser should navigates to search page&amp#27;[0m                    &amp#27;[90m# stepdefinitions.searchsteps.User_should_navigates_to_search_page()&amp#27;[0m
  &amp#27;[32mAnd &amp#27;[0m&amp#27;[32mUser clicks on Add to cart icon&amp#27;[0m                          &amp#27;[90m# stepdefinitions.searchsteps.User_clicks_on_Add_to_cart_icon()&amp#27;[0m
  &amp#27;[32mThen &amp#27;[0m&amp#27;[32mUser should see Product &amp#27;[0m&amp#27;[32m&amp#27;[1miMac&amp#27;[0m&amp#27;[32m added successfully to cart&amp#27;[0m &amp#27;[90m# stepdefinitions.searchsteps.User_should_see_Product_added_successfully_to_cart(java.lang.String)&amp#27;[0m
]]></system-out>
    <system-err><![CDATA[Apr 18, 2024 1:56:53 PM org.openqa.selenium.devtools.CdpVersionFinder findNearestMatch
WARNING: Unable to find an exact match for CDP version 123, returning the closest version; found: 122; Please update to a Selenium version that supports CDP version 123
]]></system-err>
  </testcase>
  <testcase name="runScenario[&quot;Search with valid product name&quot;, &quot;Optional[User Search]&quot;](7)" classname="runner.runnerTest" time="7.161">
    <system-out><![CDATA[
Scenario Outline: Search with valid product name                       &amp#27;[90m# src/test/resources/features/search.feature:15&amp#27;[0m
  &amp#27;[32mWhen &amp#27;[0m&amp#27;[32mUser enters valid product name as &amp#27;[0m&amp#27;[32m&amp#27;[1mHTC Touch HD&amp#27;[0m                  &amp#27;[90m# stepdefinitions.searchsteps.User_enters_valid_product_name_as(java.lang.String)&amp#27;[0m
  &amp#27;[32mAnd &amp#27;[0m&amp#27;[32mUser clicks on search icon&amp#27;[0m                                       &amp#27;[90m# stepdefinitions.searchsteps.User_clicks_on_search_icon()&amp#27;[0m
  &amp#27;[32mThen &amp#27;[0m&amp#27;[32mUser should navigates to search page&amp#27;[0m                            &amp#27;[90m# stepdefinitions.searchsteps.User_should_navigates_to_search_page()&amp#27;[0m
  &amp#27;[32mAnd &amp#27;[0m&amp#27;[32mUser clicks on Add to cart icon&amp#27;[0m                                  &amp#27;[90m# stepdefinitions.searchsteps.User_clicks_on_Add_to_cart_icon()&amp#27;[0m
  &amp#27;[32mThen &amp#27;[0m&amp#27;[32mUser should see Product &amp#27;[0m&amp#27;[32m&amp#27;[1mHTC Touch HD&amp#27;[0m&amp#27;[32m added successfully to cart&amp#27;[0m &amp#27;[90m# stepdefinitions.searchsteps.User_should_see_Product_added_successfully_to_cart(java.lang.String)&amp#27;[0m
]]></system-out>
    <system-err><![CDATA[Apr 18, 2024 1:57:00 PM org.openqa.selenium.devtools.CdpVersionFinder findNearestMatch
WARNING: Unable to find an exact match for CDP version 123, returning the closest version; found: 122; Please update to a Selenium version that supports CDP version 123
]]></system-err>
  </testcase>
  <testcase name="runScenario[&quot;Search with valid product name&quot;, &quot;Optional[User Search]&quot;](8)" classname="runner.runnerTest" time="7.199">
    <system-out><![CDATA[
Scenario Outline: Search with valid product name                 &amp#27;[90m# src/test/resources/features/search.feature:16&amp#27;[0m
  &amp#27;[32mWhen &amp#27;[0m&amp#27;[32mUser enters valid product name as &amp#27;[0m&amp#27;[32m&amp#27;[1miPhone&amp#27;[0m                  &amp#27;[90m# stepdefinitions.searchsteps.User_enters_valid_product_name_as(java.lang.String)&amp#27;[0m
  &amp#27;[32mAnd &amp#27;[0m&amp#27;[32mUser clicks on search icon&amp#27;[0m                                 &amp#27;[90m# stepdefinitions.searchsteps.User_clicks_on_search_icon()&amp#27;[0m
  &amp#27;[32mThen &amp#27;[0m&amp#27;[32mUser should navigates to search page&amp#27;[0m                      &amp#27;[90m# stepdefinitions.searchsteps.User_should_navigates_to_search_page()&amp#27;[0m
  &amp#27;[32mAnd &amp#27;[0m&amp#27;[32mUser clicks on Add to cart icon&amp#27;[0m                            &amp#27;[90m# stepdefinitions.searchsteps.User_clicks_on_Add_to_cart_icon()&amp#27;[0m
  &amp#27;[32mThen &amp#27;[0m&amp#27;[32mUser should see Product &amp#27;[0m&amp#27;[32m&amp#27;[1miPhone&amp#27;[0m&amp#27;[32m added successfully to cart&amp#27;[0m &amp#27;[90m# stepdefinitions.searchsteps.User_should_see_Product_added_successfully_to_cart(java.lang.String)&amp#27;[0m
]]></system-out>
    <system-err><![CDATA[Apr 18, 2024 1:57:07 PM org.openqa.selenium.devtools.CdpVersionFinder findNearestMatch
WARNING: Unable to find an exact match for CDP version 123, returning the closest version; found: 122; Please update to a Selenium version that supports CDP version 123
]]></system-err>
  </testcase>
  <testcase name="runScenario[&quot;Successfull checkout process&quot;, &quot;Optional[User Checkout]&quot;](9)" classname="runner.runnerTest" time="14.631">
    <system-out><![CDATA[
Scenario: Successfull checkout process             &amp#27;[90m# src/test/resources/features/viewcheckoutorder.feature:4&amp#27;[0m
  &amp#27;[32mWhen &amp#27;[0m&amp#27;[32mUser search product name as &amp#27;[0m&amp#27;[32m&amp#27;[1m"iMac"&amp#27;[0m          &amp#27;[90m# stepdefinitions.viewcheckoutordersteps.User_search_product_name(java.lang.String)&amp#27;[0m
  &amp#27;[32mAnd &amp#27;[0m&amp#27;[32mUser clicks on search link&amp#27;[0m                   &amp#27;[90m# stepdefinitions.viewcheckoutordersteps.User_clicks_on_search_link()&amp#27;[0m
  &amp#27;[32mAnd &amp#27;[0m&amp#27;[32mUser clicks on Add to cart link&amp#27;[0m              &amp#27;[90m# stepdefinitions.viewcheckoutordersteps.User_clicks_on_Add_to_cart_link()&amp#27;[0m
  &amp#27;[32mWhen &amp#27;[0m&amp#27;[32mUser clicks on shopping cart link&amp#27;[0m           &amp#27;[90m# stepdefinitions.viewcheckoutordersteps.User_clicks_on_shopping_cart_link()&amp#27;[0m
  &amp#27;[32mThen &amp#27;[0m&amp#27;[32mUser navigates to shopping cart page&amp#27;[0m        &amp#27;[90m# stepdefinitions.viewcheckoutordersteps.User_navigates_to_shopping_cart_page()&amp#27;[0m
  &amp#27;[32mAnd &amp#27;[0m&amp#27;[32mUser clicks on checkout button&amp#27;[0m               &amp#27;[90m# stepdefinitions.viewcheckoutordersteps.User_clicks_on_checkout_button()&amp#27;[0m
  &amp#27;[32mThen &amp#27;[0m&amp#27;[32mUser navigates to checkout page&amp#27;[0m             &amp#27;[90m# stepdefinitions.viewcheckoutordersteps.User_navigates_to_checkout_page()&amp#27;[0m
  &amp#27;[32mAnd &amp#27;[0m&amp#27;[32mUser provides the valid shipping information&amp#27;[0m &amp#27;[90m# stepdefinitions.viewcheckoutordersteps.User_provides_the_valid_shipping_information()&amp#27;[0m
  &amp#27;[32mAnd &amp#27;[0m&amp#27;[32mUser selects on Shipping Method&amp#27;[0m              &amp#27;[90m# stepdefinitions.viewcheckoutordersteps.User_selects_on_Shipping_Method()&amp#27;[0m
  &amp#27;[32mAnd &amp#27;[0m&amp#27;[32mUser selects on Payment Method&amp#27;[0m               &amp#27;[90m# stepdefinitions.viewcheckoutordersteps.User_selects_on_Payment_Method()&amp#27;[0m
  &amp#27;[32mThen &amp#27;[0m&amp#27;[32mUser clicks on confirm order&amp#27;[0m                &amp#27;[90m# stepdefinitions.viewcheckoutordersteps.User_clicks_on_confirm_order()&amp#27;[0m
  &amp#27;[32mAnd &amp#27;[0m&amp#27;[32mUser should successfully placed the order&amp#27;[0m    &amp#27;[90m# stepdefinitions.viewcheckoutordersteps.User_should_successfully_placed_the_order()&amp#27;[0m
]]></system-out>
    <system-err><![CDATA[Apr 18, 2024 1:57:14 PM org.openqa.selenium.devtools.CdpVersionFinder findNearestMatch
WARNING: Unable to find an exact match for CDP version 123, returning the closest version; found: 122; Please update to a Selenium version that supports CDP version 123
]]></system-err>
  </testcase>
</testsuite>