<?xml version="1.0" encoding="UTF-8"?>
<testng-results ignored="0" total="9" passed="9" failed="0" skipped="0">
  <reporter-output>
  </reporter-output>
  <suite started-at="2024-04-01T22:51:02 IST" name="Suite" finished-at="2024-04-01T22:52:42 IST" duration-ms="100564">
    <groups>
      <group name="cucumber">
        <method signature="AbstractTestNGCucumberTests.runScenario(io.cucumber.testng.PickleWrapper,io.cucumber.testng.FeatureWrapper)[pri:0, instance:runner.runnerTest@55182842]" name="runScenario" class="io.cucumber.testng.AbstractTestNGCucumberTests"/>
      </group> <!-- cucumber -->
    </groups>
    <test started-at="2024-04-01T22:51:02 IST" name="Test" finished-at="2024-04-01T22:52:42 IST" duration-ms="100564">
      <class name="runner.runnerTest">
        <test-method is-config="true" signature="setUpClass()[pri:0, instance:runner.runnerTest@55182842]" started-at="2024-04-01T22:51:02 IST" name="setUpClass" finished-at="2024-04-01T22:51:03 IST" duration-ms="1529" status="PASS">
          <reporter-output>
          </reporter-output>
        </test-method> <!-- setUpClass -->
        <test-method signature="runScenario(io.cucumber.testng.PickleWrapper,io.cucumber.testng.FeatureWrapper)[pri:0, instance:runner.runnerTest@55182842]" started-at="2024-04-01T22:51:03 IST" name="runScenario" description="Runs Cucumber Scenarios" data-provider="scenarios" finished-at="2024-04-01T22:51:37 IST" duration-ms="34103" status="PASS">
          <params>
            <param index="0">
              <value>
                <![CDATA["Login with valid credentials"]]>
              </value>
            </param>
            <param index="1">
              <value>
                <![CDATA["Optional[User Login]"]]>
              </value>
            </param>
          </params>
          <reporter-output>
          </reporter-output>
        </test-method> <!-- runScenario -->
        <test-method signature="runScenario(io.cucumber.testng.PickleWrapper,io.cucumber.testng.FeatureWrapper)[pri:0, instance:runner.runnerTest@55182842]" started-at="2024-04-01T22:51:37 IST" name="runScenario" description="Runs Cucumber Scenarios" data-provider="scenarios" finished-at="2024-04-01T22:51:44 IST" duration-ms="6152" status="PASS">
          <params>
            <param index="0">
              <value>
                <![CDATA["Login with invalid credentials"]]>
              </value>
            </param>
            <param index="1">
              <value>
                <![CDATA["Optional[User Login]"]]>
              </value>
            </param>
          </params>
          <reporter-output>
          </reporter-output>
        </test-method> <!-- runScenario -->
        <test-method signature="runScenario(io.cucumber.testng.PickleWrapper,io.cucumber.testng.FeatureWrapper)[pri:0, instance:runner.runnerTest@55182842]" started-at="2024-04-01T22:51:44 IST" name="runScenario" description="Runs Cucumber Scenarios" data-provider="scenarios" finished-at="2024-04-01T22:51:49 IST" duration-ms="5504" status="PASS">
          <params>
            <param index="0">
              <value>
                <![CDATA["Login with invalid credentials"]]>
              </value>
            </param>
            <param index="1">
              <value>
                <![CDATA["Optional[User Login]"]]>
              </value>
            </param>
          </params>
          <reporter-output>
          </reporter-output>
        </test-method> <!-- runScenario -->
        <test-method signature="runScenario(io.cucumber.testng.PickleWrapper,io.cucumber.testng.FeatureWrapper)[pri:0, instance:runner.runnerTest@55182842]" started-at="2024-04-01T22:51:49 IST" name="runScenario" description="Runs Cucumber Scenarios" data-provider="scenarios" finished-at="2024-04-01T22:51:55 IST" duration-ms="5742" status="PASS">
          <params>
            <param index="0">
              <value>
                <![CDATA["Login with invalid credentials"]]>
              </value>
            </param>
            <param index="1">
              <value>
                <![CDATA["Optional[User Login]"]]>
              </value>
            </param>
          </params>
          <reporter-output>
          </reporter-output>
        </test-method> <!-- runScenario -->
        <test-method signature="runScenario(io.cucumber.testng.PickleWrapper,io.cucumber.testng.FeatureWrapper)[pri:0, instance:runner.runnerTest@55182842]" started-at="2024-04-01T22:51:55 IST" name="runScenario" description="Runs Cucumber Scenarios" data-provider="scenarios" finished-at="2024-04-01T22:52:03 IST" duration-ms="8373" status="PASS">
          <params>
            <param index="0">
              <value>
                <![CDATA["Register with valid credentials"]]>
              </value>
            </param>
            <param index="1">
              <value>
                <![CDATA["Optional[User Register]"]]>
              </value>
            </param>
          </params>
          <reporter-output>
          </reporter-output>
        </test-method> <!-- runScenario -->
        <test-method signature="runScenario(io.cucumber.testng.PickleWrapper,io.cucumber.testng.FeatureWrapper)[pri:0, instance:runner.runnerTest@55182842]" started-at="2024-04-01T22:52:03 IST" name="runScenario" description="Runs Cucumber Scenarios" data-provider="scenarios" finished-at="2024-04-01T22:52:09 IST" duration-ms="6019" status="PASS">
          <params>
            <param index="0">
              <value>
                <![CDATA["Search with valid product name"]]>
              </value>
            </param>
            <param index="1">
              <value>
                <![CDATA["Optional[User Search]"]]>
              </value>
            </param>
          </params>
          <reporter-output>
          </reporter-output>
        </test-method> <!-- runScenario -->
        <test-method signature="runScenario(io.cucumber.testng.PickleWrapper,io.cucumber.testng.FeatureWrapper)[pri:0, instance:runner.runnerTest@55182842]" started-at="2024-04-01T22:52:09 IST" name="runScenario" description="Runs Cucumber Scenarios" data-provider="scenarios" finished-at="2024-04-01T22:52:15 IST" duration-ms="6000" status="PASS">
          <params>
            <param index="0">
              <value>
                <![CDATA["Search with valid product name"]]>
              </value>
            </param>
            <param index="1">
              <value>
                <![CDATA["Optional[User Search]"]]>
              </value>
            </param>
          </params>
          <reporter-output>
          </reporter-output>
        </test-method> <!-- runScenario -->
        <test-method signature="runScenario(io.cucumber.testng.PickleWrapper,io.cucumber.testng.FeatureWrapper)[pri:0, instance:runner.runnerTest@55182842]" started-at="2024-04-01T22:52:15 IST" name="runScenario" description="Runs Cucumber Scenarios" data-provider="scenarios" finished-at="2024-04-01T22:52:21 IST" duration-ms="5852" status="PASS">
          <params>
            <param index="0">
              <value>
                <![CDATA["Search with valid product name"]]>
              </value>
            </param>
            <param index="1">
              <value>
                <![CDATA["Optional[User Search]"]]>
              </value>
            </param>
          </params>
          <reporter-output>
          </reporter-output>
        </test-method> <!-- runScenario -->
        <test-method signature="runScenario(io.cucumber.testng.PickleWrapper,io.cucumber.testng.FeatureWrapper)[pri:0, instance:runner.runnerTest@55182842]" started-at="2024-04-01T22:52:21 IST" name="runScenario" description="Runs Cucumber Scenarios" data-provider="scenarios" finished-at="2024-04-01T22:52:36 IST" duration-ms="14837" status="PASS">
          <params>
            <param index="0">
              <value>
                <![CDATA["Successfull checkout process"]]>
              </value>
            </param>
            <param index="1">
              <value>
                <![CDATA["Optional[User Checkout]"]]>
              </value>
            </param>
          </params>
          <reporter-output>
          </reporter-output>
        </test-method> <!-- runScenario -->
        <test-method is-config="true" signature="tearDownClass()[pri:0, instance:runner.runnerTest@55182842]" started-at="2024-04-01T22:52:36 IST" name="tearDownClass" finished-at="2024-04-01T22:52:42 IST" duration-ms="6343" status="PASS">
          <reporter-output>
          </reporter-output>
        </test-method> <!-- tearDownClass -->
      </class> <!-- runner.runnerTest -->
    </test> <!-- Test -->
  </suite> <!-- Suite -->
</testng-results>
